<?xml version="1.0" encoding="UTF-8" ?>
<testsuite tests="22" failures="0" name="javax.el.TestListELResolver" time="0" errors="0" skipped="0">
  <properties>
    <property name="java.runtime.name" value="Java(TM) SE Runtime Environment"/>
    <property name="sun.boot.library.path" value="F:\jdk\jre\bin"/>
    <property name="java.vm.version" value="25.172-b11"/>
    <property name="java.vm.vendor" value="Oracle Corporation"/>
    <property name="maven.multiModuleProjectDirectory" value="F:\Java\apache-tomcat-8.5.61-src"/>
    <property name="java.vendor.url" value="http://java.oracle.com/"/>
    <property name="path.separator" value=";"/>
    <property name="guice.disable.misplaced.annotation.check" value="true"/>
    <property name="java.vm.name" value="Java HotSpot(TM) 64-Bit Server VM"/>
    <property name="file.encoding.pkg" value="sun.io"/>
    <property name="user.script" value=""/>
    <property name="user.country" value="CN"/>
    <property name="sun.java.launcher" value="SUN_STANDARD"/>
    <property name="sun.os.patch.level" value=""/>
    <property name="java.vm.specification.name" value="Java Virtual Machine Specification"/>
    <property name="user.dir" value="F:\Java\apache-tomcat-8.5.61-src"/>
    <property name="java.runtime.version" value="1.8.0_172-b11"/>
    <property name="java.awt.graphicsenv" value="sun.awt.Win32GraphicsEnvironment"/>
    <property name="java.endorsed.dirs" value="F:\jdk\jre\lib\endorsed"/>
    <property name="os.arch" value="amd64"/>
    <property name="java.io.tmpdir" value="C:\Users\ADMINI~1\AppData\Local\Temp\"/>
    <property name="line.separator" value="
"/>
    <property name="java.vm.specification.vendor" value="Oracle Corporation"/>
    <property name="user.variant" value=""/>
    <property name="os.name" value="Windows 10"/>
    <property name="idea.version2020.1" value="true"/>
    <property name="maven.ext.class.path" value="F:\IDEA2020.1\IntelliJ IDEA 2020.1\plugins\maven\lib\maven-event-listener.jar"/>
    <property name="classworlds.conf" value="F:\maven\apache-maven-3.6.0\bin\m2.conf"/>
    <property name="sun.jnu.encoding" value="GBK"/>
    <property name="java.library.path" value="F:\jdk\bin;C:\Windows\Sun\Java\bin;C:\Windows\system32;C:\Windows;C:\Windows\system32;C:\Windows;C:\Windows\System32\Wbem;C:\Windows\System32\WindowsPowerShell\v1.0\;C:\Windows\System32\OpenSSH\;D:\MySQL\bin;F:\maven\apache-maven-3.6.0\bin;D:\Git\2.4.0.2\Git\cmd;D:\TortoiseGit\bin;F:\Node.js\;F:\JDK14\bin;D:\Putty\;C:\Users\Administrator\AppData\Local\Microsoft\WindowsApps;D:\bandzip\;C:\Users\Administrator\AppData\Roaming\npm;H:\IDEACommunity\IntelliJ IDEA Community Edition 2020.3\bin;;."/>
    <property name="maven.conf" value="F:\maven\apache-maven-3.6.0/conf"/>
    <property name="java.specification.name" value="Java Platform API Specification"/>
    <property name="java.class.version" value="52.0"/>
    <property name="sun.management.compiler" value="HotSpot 64-Bit Tiered Compilers"/>
    <property name="os.version" value="10.0"/>
    <property name="user.home" value="C:\Users\Administrator"/>
    <property name="user.timezone" value="Asia/Shanghai"/>
    <property name="java.awt.printerjob" value="sun.awt.windows.WPrinterJob"/>
    <property name="java.specification.version" value="1.8"/>
    <property name="file.encoding" value="UTF-8"/>
    <property name="user.name" value="Administrator"/>
    <property name="java.class.path" value="F:\maven\apache-maven-3.6.0\boot\plexus-classworlds-2.5.2.jar;F:\IDEA2020.1\IntelliJ IDEA 2020.1\lib\idea_rt.jar"/>
    <property name="java.vm.specification.version" value="1.8"/>
    <property name="sun.arch.data.model" value="64"/>
    <property name="java.home" value="F:\jdk\jre"/>
    <property name="sun.java.command" value="org.codehaus.classworlds.Launcher -Didea.version2020.1 -s F:\maven\apache-maven-3.6.0\conf\settings.xml install"/>
    <property name="java.specification.vendor" value="Oracle Corporation"/>
    <property name="user.language" value="zh"/>
    <property name="awt.toolkit" value="sun.awt.windows.WToolkit"/>
    <property name="java.vm.info" value="mixed mode"/>
    <property name="java.version" value="1.8.0_172"/>
    <property name="java.ext.dirs" value="F:\jdk\jre\lib\ext;C:\Windows\Sun\Java\lib\ext"/>
    <property name="sun.boot.class.path" value="F:\jdk\jre\lib\resources.jar;F:\jdk\jre\lib\rt.jar;F:\jdk\jre\lib\sunrsasign.jar;F:\jdk\jre\lib\jsse.jar;F:\jdk\jre\lib\jce.jar;F:\jdk\jre\lib\charsets.jar;F:\jdk\jre\lib\jfr.jar;F:\jdk\jre\classes"/>
    <property name="java.vendor" value="Oracle Corporation"/>
    <property name="maven.home" value="F:\maven\apache-maven-3.6.0"/>
    <property name="file.separator" value="\"/>
    <property name="java.vendor.url.bug" value="http://bugreport.sun.com/bugreport/"/>
    <property name="sun.cpu.endian" value="little"/>
    <property name="sun.io.unicode.encoding" value="UnicodeLittle"/>
    <property name="sun.desktop" value="windows"/>
    <property name="sun.cpu.isalist" value="amd64"/>
  </properties>
  <testcase classname="javax.el.TestListELResolver" name="testSetValue01" time="0"/>
  <testcase classname="javax.el.TestListELResolver" name="testSetValue02" time="0"/>
  <testcase classname="javax.el.TestListELResolver" name="testSetValue03" time="0"/>
  <testcase classname="javax.el.TestListELResolver" name="testSetValue04" time="0"/>
  <testcase classname="javax.el.TestListELResolver" name="testSetValue05" time="0"/>
  <testcase classname="javax.el.TestListELResolver" name="testSetValue06" time="0"/>
  <testcase classname="javax.el.TestListELResolver" name="testSetValue07" time="0"/>
  <testcase classname="javax.el.TestListELResolver" name="testIsReadOnly01" time="0"/>
  <testcase classname="javax.el.TestListELResolver" name="testIsReadOnly02" time="0"/>
  <testcase classname="javax.el.TestListELResolver" name="testIsReadOnly03" time="0"/>
  <testcase classname="javax.el.TestListELResolver" name="testIsReadOnly04" time="0"/>
  <testcase classname="javax.el.TestListELResolver" name="testIsReadOnly05" time="0"/>
  <testcase classname="javax.el.TestListELResolver" name="testIsReadOnly06" time="0"/>
  <testcase classname="javax.el.TestListELResolver" name="testGetValue01" time="0"/>
  <testcase classname="javax.el.TestListELResolver" name="testGetValue02" time="0"/>
  <testcase classname="javax.el.TestListELResolver" name="testGetValue03" time="0"/>
  <testcase classname="javax.el.TestListELResolver" name="testGetValue04" time="0"/>
  <testcase classname="javax.el.TestListELResolver" name="testGetValue05" time="0"/>
  <testcase classname="javax.el.TestListELResolver" name="testGetType01" time="0"/>
  <testcase classname="javax.el.TestListELResolver" name="testGetType02" time="0"/>
  <testcase classname="javax.el.TestListELResolver" name="testGetType03" time="0"/>
  <testcase classname="javax.el.TestListELResolver" name="testGetType04" time="0"/>
</testsuite>